ISim log file
Running: /home/nitish/Desktop/fifo own/file_reading_and_writing/example_file_io_tb_isim_beh.exe -intstyle ise -gui -tclbatch isim.cmd -wdb /home/nitish/Desktop/fifo own/file_reading_and_writing/example_file_io_tb_isim_beh.wdb 
INFO: There is another simulation running in the same directory. Using database file name isim2.wdb.
ISim P.20131013 (signature 0xfbc00daa)
This is a Full version of ISim.
Time resolution is 1 ps
# onerror resume
# wave add /
# run 1000 ns
Simulator is doing circuit initialization process.
Finished circuit initialization process.
at 156 ns: Error: Textio read:: called on empty string or line
at 313 ns: Error: Textio read:: called on empty string or line
at 470 ns: Error: Textio read:: called on empty string or line
at 627 ns: Error: Textio read:: called on empty string or line
at 784 ns: Error: Textio read:: called on empty string or line
at 941 ns: Error: Textio read:: called on empty string or line
# exit 0
# exit 0
# exit 0
